
=== Sun Oct 25 11:00:17 2020

Packages were changed.
Update Mode: updateDependencies

The following packages were added:
  com.unity.2d.sprite@1.0.0
  com.unity.2d.tilemap@1.0.0
  com.unity.ads@3.4.7
  com.unity.analytics@3.3.5
  com.unity.collab-proxy@1.2.16
  com.unity.ide.rider@1.1.4
  com.unity.ide.vscode@1.2.1
  com.unity.modules.androidjni@1.0.0
  com.unity.multiplayer-hlapi@1.0.6
  com.unity.purchasing@2.0.6
  com.unity.test-framework@1.1.16
  com.unity.ugui@1.0.0
The following packages were updated:
  com.unity.postprocessing from version 2.1.7 to 2.2.2
  com.unity.timeline from version 1.0.0 to 1.2.6
  com.unity.xr.legacyinputhelpers from version 2.0.6 to 2.1.4
The following packages were removed:
  com.unity.package-manager-ui@2.1.2

=== Sun Nov  1 20:15:19 2020

Packages were changed.
Update Mode: updateDependencies

The following packages were added:
  com.unity.2d.sprite@1.0.0
  com.unity.2d.tilemap@1.0.0
  com.unity.ads@3.4.9
  com.unity.analytics@3.3.5
  com.unity.collab-proxy@1.3.9
  com.unity.ide.visualstudio@2.0.3
  com.unity.purchasing@2.1.1
  com.unity.timeline@1.2.6
The following packages were updated:
  com.unity.ide.rider from version 1.1.4 to 1.2.1
  com.unity.ide.vscode from version 1.2.1 to 1.2.2
  com.unity.postprocessing from version 2.2.2 to 2.3.0
  com.unity.test-framework from version 1.1.16 to 1.1.18
  com.unity.textmeshpro from version 2.0.1 to 3.0.1
